<?xml version="1.0" encoding="UTF-8"?>
<testsuite xmlns:xsi="http://www.w3.org/2001/XMLSchema-instance" xsi:noNamespaceSchemaLocation="https://maven.apache.org/surefire/maven-surefire-plugin/xsd/surefire-test-report-3.0.xsd" version="3.0" name="TestSuite" time="60.236" tests="2" errors="0" skipped="0" failures="0">
  <properties>
[...]
</properties>
  <testcase name="checboxesValidation" classname="E2EPractice.CheckboxesPageValidation" time="6.735">
    <system-err><![CDATA[Starting ChromeDriver 2.42.591088 (7b2b2dca23cca0862f674758c9a3933e685c27d5) on port 14469
Only local connections are allowed.
[1631531181.175][WARNING]: Timed out connecting to Chrome, retrying...
Sep 13, 2021 4:36:23 PM org.openqa.selenium.remote.ProtocolHandshake createSession
INFO: Detected dialect: OSS
[1631531185.597][WARNING]: Timed out connecting to Chrome, retrying...
Starting ChromeDriver 2.42.591088 (7b2b2dca23cca0862f674758c9a3933e685c27d5) on port 37948
Only local connections are allowed.
[1631531201.097][WARNING]: Timed out connecting to Chrome, retrying...
Sep 13, 2021 4:36:43 PM org.openqa.selenium.remote.ProtocolHandshake createSession
INFO: Detected dialect: OSS
[1631531205.322][WARNING]: Timed out connecting to Chrome, retrying...
[1631531216.433][WARNING]: Timed out connecting to Chrome, retrying...
]]></system-err>
  </testcase>
  <testcase name="dropdownValidation" classname="E2EPractice.DropdownPageValidation" time="3.49">
    <system-err><![CDATA[[1631531222.326][WARNING]: Timed out connecting to Chrome, retrying...
]]></system-err>
  </testcase>
</testsuite>